<?xml version="1.0" encoding="UTF-8"?>
<testng-results ignored="0" total="1" passed="1" failed="0" skipped="0">
  <reporter-output>
  </reporter-output>
  <suite started-at="2022-04-14T13:33:17 IST" name="Default suite" finished-at="2022-04-14T13:34:15 IST" duration-ms="58164">
    <groups>
    </groups>
    <test started-at="2022-04-14T13:33:17 IST" name="Default test" finished-at="2022-04-14T13:34:15 IST" duration-ms="58164">
      <class name="POM_DDF_TestNG_Flipkart.TestClass">
        <test-method is-config="true" signature="openBrowser()[pri:0, instance:POM_DDF_TestNG_Flipkart.TestClass@3d51f06e]" started-at="2022-04-14T13:33:17 IST" name="openBrowser" finished-at="2022-04-14T13:34:04 IST" duration-ms="46715" status="PASS">
          <reporter-output>
          </reporter-output>
        </test-method> <!-- openBrowser -->
        <test-method is-config="true" signature="loginToFlipkart()[pri:0, instance:POM_DDF_TestNG_Flipkart.TestClass@3d51f06e]" started-at="2022-04-14T13:34:04 IST" name="loginToFlipkart" finished-at="2022-04-14T13:34:08 IST" duration-ms="4086" status="PASS">
          <reporter-output>
          </reporter-output>
        </test-method> <!-- loginToFlipkart -->
        <test-method signature="verifyDropDownElement()[pri:0, instance:POM_DDF_TestNG_Flipkart.TestClass@3d51f06e]" started-at="2022-04-14T13:34:08 IST" name="verifyDropDownElement" finished-at="2022-04-14T13:34:13 IST" duration-ms="4973" status="PASS">
          <reporter-output>
          </reporter-output>
        </test-method> <!-- verifyDropDownElement -->
        <test-method is-config="true" signature="closeBrowser()[pri:0, instance:POM_DDF_TestNG_Flipkart.TestClass@3d51f06e]" started-at="2022-04-14T13:34:13 IST" name="closeBrowser" finished-at="2022-04-14T13:34:15 IST" duration-ms="2314" status="PASS">
          <reporter-output>
          </reporter-output>
        </test-method> <!-- closeBrowser -->
      </class> <!-- POM_DDF_TestNG_Flipkart.TestClass -->
    </test> <!-- Default test -->
  </suite> <!-- Default suite -->
</testng-results>
